2025-09-18 21:33:09.428: [INFO] VisibilityChanged: 0
2025-09-18 21:33:09.474: [INFO] RecordSyncInitDuration has_sync_been_enabled: 0 state: 0
2025-09-18 21:33:09.475: [INFO] RecordSyncInitDuration has_sync_been_enabled: 0 state: 0
2025-09-18 21:33:09.477: [INFO] RecordSyncInitDuration has_sync_been_enabled: 0 state: 0
2025-09-18 21:33:09.479: [INFO] RecordSyncInitDuration has_sync_been_enabled: 0 state: 0
2025-09-18 21:33:09.481: [INFO] RecordSyncInitDuration has_sync_been_enabled: 0 state: 0
2025-09-18 21:33:09.483: [INFO] RecordSyncInitDuration has_sync_been_enabled: 0 state: 0
2025-09-18 21:33:09.486: [INFO] RecordSyncInitDuration has_sync_been_enabled: 0 state: 0
2025-09-18 21:33:09.487: [INFO] RecordSyncInitDuration has_sync_been_enabled: 0 state: 0
2025-09-18 21:33:09.489: [INFO] RecordSyncInitDuration has_sync_been_enabled: 0 state: 0
2025-09-18 21:33:09.490: [INFO] RecordSyncInitDuration has_sync_been_enabled: 0 state: 0
2025-09-18 21:33:09.491: [INFO] RecordSyncInitDuration has_sync_been_enabled: 0 state: 0
2025-09-18 21:33:09.532: [INFO] RecordSyncInitDuration has_sync_been_enabled: 0 state: 0
2025-09-18 21:33:09.592: [INFO] BookmarkModelLoaded, ids_reassigned: 0
2025-09-18 21:33:09.592: [INFO] OnDoneLoading sync enabled: 0
2025-09-18 21:33:09.814: [INFO] RecordSyncInitDuration has_sync_been_enabled: 0 state: 3
2025-09-18 21:33:09.821: [INFO] Primary account changed.
2025-09-18 21:33:09.821: [INFO] OnPrimaryAccountChanged PrimaryAccountChangeEvent::Type::kSet
2025-09-18 21:33:09.826: [INFO] RecordSyncInitDuration has_sync_been_enabled: 0 state: 3
2025-09-18 21:33:10.034: [INFO] RecordSyncInitDuration has_sync_been_enabled: 0 state: 3
2025-09-18 21:33:12.873: [INFO] BookmarkNodeAdded, ABU: 0
2025-09-18 21:33:12.873: [INFO] BookmarkNodeAdded, ABU: 0
2025-09-18 21:33:12.873: [INFO] BookmarkNodeAdded, ABU: 0
2025-09-18 21:33:22.031: [INFO] VisibilityChanged: 1
2025-09-18 21:33:22.850: [INFO] BookmarkNodeAdded, ABU: 0
2025-09-18 21:33:22.850: [INFO] BookmarkNodeAdded, ABU: 0
2025-09-18 21:33:22.850: [INFO] BookmarkNodeAdded, ABU: 0
2025-09-18 21:33:22.850: [INFO] BookmarkNodeAdded, ABU: 0
2025-09-18 21:33:22.850: [INFO] BookmarkNodeAdded, ABU: 0
2025-09-18 21:33:22.850: [INFO] BookmarkNodeAdded, ABU: 0
2025-09-18 21:33:22.851: [INFO] BookmarkNodeAdded, ABU: 0
2025-09-18 21:33:22.852: [INFO] BookmarkNodeAdded, ABU: 0
2025-09-18 21:33:22.852: [INFO] BookmarkNodeAdded, ABU: 0
2025-09-18 21:33:22.852: [INFO] BookmarkNodeAdded, ABU: 0
2025-09-18 21:33:22.852: [INFO] BookmarkNodeAdded, ABU: 0
2025-09-18 21:33:22.852: [INFO] BookmarkNodeAdded, ABU: 0
2025-09-18 21:33:22.852: [INFO] BookmarkNodeAdded, ABU: 0
2025-09-18 21:33:22.852: [INFO] BookmarkNodeAdded, ABU: 0
2025-09-18 21:33:22.852: [INFO] BookmarkNodeAdded, ABU: 0
2025-09-18 21:33:22.852: [INFO] BookmarkNodeAdded, ABU: 0
2025-09-18 21:33:22.853: [INFO] BookmarkNodeAdded, ABU: 0
2025-09-18 21:33:22.853: [INFO] BookmarkNodeAdded, ABU: 0
2025-09-18 21:33:22.853: [INFO] BookmarkNodeAdded, ABU: 0
2025-09-18 21:33:22.853: [INFO] BookmarkNodeAdded, ABU: 0
2025-09-18 21:33:22.853: [INFO] BookmarkNodeAdded, ABU: 0
2025-09-18 21:33:22.853: [INFO] BookmarkNodeAdded, ABU: 0
2025-09-18 21:33:22.853: [INFO] BookmarkNodeAdded, ABU: 0
2025-09-18 21:33:22.853: [INFO] BookmarkNodeMoved
2025-09-18 21:33:22.853: [INFO] BookmarkNodeMoved
2025-09-18 21:33:22.853: [INFO] ReorderChildren, Url: 0, IsFolder: 1, IsWorkspace: 0
2025-09-18 21:33:22.854: [INFO] Remove, DeletionOrigin: 19
2025-09-18 21:33:22.854: [INFO] BookmarkNodeRemoved, Url: 0, IsFolder: 1, IsWorkspace: 0
2025-09-18 21:33:22.854: [INFO] BookmarkNodeAdded, ABU: 0
2025-09-18 21:33:22.854: [INFO] Remove, DeletionOrigin: 19
2025-09-18 21:33:22.854: [INFO] BookmarkNodeRemoved, Url: 1, IsFolder: 0, IsWorkspace: 0
2025-09-18 21:33:22.854: [INFO] BookmarkNodeAdded, ABU: 0
2025-09-18 21:33:22.854: [INFO] Remove, DeletionOrigin: 19
2025-09-18 21:33:22.854: [INFO] BookmarkNodeRemoved, Url: 1, IsFolder: 0, IsWorkspace: 0
2025-09-18 21:33:22.855: [INFO] BookmarkNodeAdded, ABU: 0
2025-09-18 21:33:22.855: [INFO] BookmarkNodeAdded, ABU: 0
2025-09-18 21:33:22.855: [INFO] BookmarkNodeAdded, ABU: 0
2025-09-18 21:33:22.855: [INFO] BookmarkNodeAdded, ABU: 0
2025-09-18 21:33:22.855: [INFO] BookmarkNodeAdded, ABU: 0
2025-09-18 21:33:22.855: [INFO] BookmarkNodeAdded, ABU: 0
2025-09-18 21:33:22.855: [INFO] BookmarkNodeAdded, ABU: 0
2025-09-18 21:33:22.855: [INFO] BookmarkNodeAdded, ABU: 0
2025-09-18 21:33:22.855: [INFO] BookmarkNodeAdded, ABU: 0
2025-09-18 21:33:22.855: [INFO] BookmarkNodeAdded, ABU: 0
2025-09-18 21:33:22.855: [INFO] BookmarkNodeAdded, ABU: 0
2025-09-18 21:33:22.855: [INFO] BookmarkNodeAdded, ABU: 0
2025-09-18 21:33:22.855: [INFO] BookmarkNodeAdded, ABU: 0
2025-09-18 21:33:22.856: [INFO] BookmarkNodeAdded, ABU: 0
2025-09-18 21:33:22.856: [INFO] BookmarkNodeAdded, ABU: 0
2025-09-18 21:33:22.856: [INFO] BookmarkNodeAdded, ABU: 0
2025-09-18 21:33:22.856: [INFO] BookmarkNodeAdded, ABU: 0
2025-09-18 21:33:22.856: [INFO] BookmarkNodeAdded, ABU: 0
2025-09-18 21:33:22.856: [INFO] BookmarkNodeAdded, ABU: 0
2025-09-18 21:33:22.856: [INFO] BookmarkNodeAdded, ABU: 0
2025-09-18 21:33:22.856: [INFO] BookmarkNodeAdded, ABU: 0
2025-09-18 21:33:22.856: [INFO] BookmarkNodeAdded, ABU: 0
2025-09-18 21:33:22.856: [INFO] BookmarkNodeAdded, ABU: 0
2025-09-18 21:33:22.856: [INFO] BookmarkNodeAdded, ABU: 0
2025-09-18 21:33:22.857: [INFO] BookmarkNodeAdded, ABU: 0
2025-09-18 21:33:22.857: [INFO] BookmarkNodeAdded, ABU: 0
2025-09-18 21:33:22.857: [INFO] BookmarkNodeAdded, ABU: 0
2025-09-18 21:33:22.857: [INFO] BookmarkNodeAdded, ABU: 0
2025-09-18 21:33:22.857: [INFO] BookmarkNodeAdded, ABU: 0
2025-09-18 21:33:22.857: [INFO] BookmarkNodeAdded, ABU: 0
2025-09-18 21:33:22.857: [INFO] BookmarkNodeAdded, ABU: 0
2025-09-18 21:33:22.857: [INFO] BookmarkNodeAdded, ABU: 0
2025-09-18 21:33:22.857: [INFO] BookmarkNodeAdded, ABU: 0
2025-09-18 21:33:22.857: [INFO] BookmarkNodeAdded, ABU: 0
2025-09-18 21:33:22.857: [INFO] BookmarkNodeAdded, ABU: 0
2025-09-18 21:33:22.857: [INFO] BookmarkNodeAdded, ABU: 0
2025-09-18 21:33:22.858: [INFO] BookmarkNodeAdded, ABU: 0
2025-09-18 21:33:22.858: [INFO] BookmarkNodeAdded, ABU: 0
2025-09-18 21:33:22.858: [INFO] BookmarkNodeAdded, ABU: 0
2025-09-18 21:33:22.858: [INFO] BookmarkNodeAdded, ABU: 0
2025-09-18 21:33:22.858: [INFO] BookmarkNodeAdded, ABU: 0
2025-09-18 21:33:22.858: [INFO] BookmarkNodeAdded, ABU: 0
2025-09-18 21:33:22.858: [INFO] BookmarkNodeAdded, ABU: 0
2025-09-18 21:33:22.859: [INFO] BookmarkNodeAdded, ABU: 0
2025-09-18 21:33:22.859: [INFO] BookmarkNodeAdded, ABU: 0
2025-09-18 21:33:22.859: [INFO] BookmarkNodeAdded, ABU: 0
2025-09-18 21:33:22.859: [INFO] BookmarkNodeAdded, ABU: 0
2025-09-18 21:33:22.859: [INFO] BookmarkNodeAdded, ABU: 0
2025-09-18 21:33:22.859: [INFO] BookmarkNodeAdded, ABU: 0
2025-09-18 21:33:22.859: [INFO] BookmarkNodeAdded, ABU: 0
2025-09-18 21:33:22.860: [INFO] BookmarkNodeAdded, ABU: 0
2025-09-18 21:33:22.860: [INFO] BookmarkNodeAdded, ABU: 0
2025-09-18 21:33:22.860: [INFO] BookmarkNodeAdded, ABU: 0
2025-09-18 21:33:22.860: [INFO] BookmarkNodeAdded, ABU: 0
2025-09-18 21:33:22.860: [INFO] BookmarkNodeAdded, ABU: 0
2025-09-18 21:33:22.860: [INFO] BookmarkNodeAdded, ABU: 0
2025-09-18 21:33:22.860: [INFO] BookmarkNodeAdded, ABU: 0
2025-09-18 21:33:22.860: [INFO] BookmarkNodeAdded, ABU: 0
2025-09-18 21:33:22.860: [INFO] BookmarkNodeAdded, ABU: 0
2025-09-18 21:33:22.861: [INFO] BookmarkNodeAdded, ABU: 0
2025-09-18 21:33:22.861: [INFO] BookmarkNodeAdded, ABU: 0
2025-09-18 21:33:22.862: [INFO] BookmarkNodeAdded, ABU: 0
2025-09-18 21:33:22.862: [INFO] BookmarkNodeAdded, ABU: 0
2025-09-18 21:33:22.862: [INFO] BookmarkNodeAdded, ABU: 0
2025-09-18 21:33:22.862: [INFO] BookmarkNodeAdded, ABU: 0
2025-09-18 21:33:22.863: [INFO] BookmarkNodeAdded, ABU: 0
2025-09-18 21:33:22.863: [INFO] BookmarkNodeAdded, ABU: 0
2025-09-18 21:33:22.863: [INFO] BookmarkNodeAdded, ABU: 0
2025-09-18 21:33:22.863: [INFO] BookmarkNodeAdded, ABU: 0
2025-09-18 21:33:22.863: [INFO] BookmarkNodeAdded, ABU: 0
2025-09-18 21:33:22.863: [INFO] BookmarkNodeAdded, ABU: 0
2025-09-18 21:33:31.300: [INFO] BookmarkNodeAdded, ABU: 0
2025-09-18 21:33:31.300: [INFO] BookmarkNodeAdded, ABU: 0
2025-09-18 21:33:31.300: [INFO] BookmarkNodeAdded, ABU: 0
2025-09-18 21:33:31.300: [INFO] BookmarkNodeAdded, ABU: 0
2025-09-18 21:33:31.300: [INFO] BookmarkNodeAdded, ABU: 0
2025-09-18 21:33:31.300: [INFO] BookmarkNodeAdded, ABU: 0
2025-09-18 21:33:31.300: [INFO] BookmarkNodeAdded, ABU: 0
2025-09-18 21:33:31.300: [INFO] BookmarkNodeAdded, ABU: 0
2025-09-18 21:33:31.301: [INFO] BookmarkNodeAdded, ABU: 0
2025-09-18 21:33:31.301: [INFO] BookmarkNodeAdded, ABU: 0
2025-09-18 21:33:31.301: [INFO] BookmarkNodeAdded, ABU: 0
2025-09-18 21:33:31.301: [INFO] BookmarkNodeAdded, ABU: 0
2025-09-18 21:33:31.301: [INFO] BookmarkNodeAdded, ABU: 0
2025-09-18 21:33:31.301: [INFO] BookmarkNodeAdded, ABU: 0
2025-09-18 21:34:17.076: [INFO] VisibilityChanged: 0
