{"logTime": "0918/213313", "correlationVector":"PCH1Tgu/GEUx9GZ7Dj3kZO.1","action":"SyncServerConnectionManagerRequest", "result":"SYNC_SERVER_OK", "context":{"environment":"Prod_southindia_prod-s01-004-apac-southindia", "migrationStage":"NotStarted", "server":"akswtt01700001a"}}
{"logTime": "0918/213313", "correlationVector":"PCH1Tgu/GEUx9GZ7Dj3kZO.2","action":"ProcessGetUpdates", "result":"Done", "context":{"dataType":"Encryption Keys", "deleted":"0", "process_failed_to_decrypt":"0", "process_pending_decryption":"0", "process_success":"1", "total":"1"}}
{"logTime": "0918/213314", "correlationVector":"S9G9hYoPWgw4oqofFuYskI","action":"SyncServerConnectionManagerRequest", "result":"SYNC_SERVER_OK", "context":{"environment":"", "migrationStage":"", "server":""}}
{"logTime": "0918/213314", "correlationVector":"S9G9hYoPWgw4oqofFuYskI.0","action":"EncryptionKeysFetcher.DownloadKeys:", "result":"Success", "context":Key count: 10, Last key timestamp: 2025-08-22T13:01:23Z}
{"logTime": "0918/213314", "correlationVector":"S9G9hYoPWgw4oqofFuYskI.1","action":"EncryptionKeysManager::SetEncryptionKeys:", "result":"Success", "context":Key names[10]:[VtD/7OeK3ny1DLj1B1jhe1KLAACtTTR/2qtbq7gX4MmV0fgeaqUhuIcBRKV769sBLWt7uC88We5GttZM03gHxg==][nQnN7DvxSHO5Uco91XVnR2DHi23D3kMvxzswr+5P+ip8gB5qFppDb9qyCfQqLumRCA6XrjISXqMBaNc221cS7w==][dr1h3YO+3AwAxSICxZykBmYzXB752V2ETVKAVcqhLnS++SIx8Ij9RIf81vmT4Sz2uiM4deo6mdi8OELm7tz9xQ==][qM99XZqzp4Rh429+Nt4JDRaDucjq8kF5YFfGcpxv/osfRmD6Oa3NsmYyG2qFEPOKA7x/N0jC0TehCCRP1F0vTw==][T+3QRvtvf3qRZvCkp7gprtH4fvnomSD4UlTQl/SoOOIpPxGgDFNS4g9RQxovKu8TENDtTIQz/nEQFgioAxfcqg==][By3tbi44dfl87jSeivjCqfRfu7gLegj+ujjrTbevg0OqGExRR7IHaNF8/hUiMcBc3hECRGnMlQAIj9HbBr0jGA==][bWJi53IKK3+RuckONkzket+8xoBoKFcQClAJFJyrZpyAkdXUh/jWfJTsrUshmAoMjGfkXKcUFd11O8b//T5Lew==][c1Yy8m5P8c7MTvuCvsvzuz6UbqYJbDdutoDB+tf4TOuegvoKDrDGGhrOlEOJemTEbpGO7FAxxQQLYJy5MZk66Q==][T44q5A8Bd6cIY7lEAqlY3h2HVuilraEZE4+RX7acyG3G613YrkrZTnpWLmRqdOo3B5mW99kaOdefPha9taJ8Og==][3jzzwBsUlJ8KheUuTZ67o9Y2SNXxJirpjrbiJM3QV4m5v+PUzW35k34Dx5PLEWvFy34rZ7PH9BhlnCUJ443SoA==]}
{"logTime": "0918/213314", "correlationVector":"S9G9hYoPWgw4oqofFuYskI.2","action":"EncryptionKeysManager::SetEncryptionKeysWithTimestamps:", "result":"Success", "context":Key timestamps[10]:[2022-07-14T12:42:57Z][2023-01-12T12:05:17Z][2023-07-10T04:30:11Z][2024-01-06T04:37:12Z][2024-07-04T07:25:02Z][2024-12-31T15:24:27Z][2025-02-03T15:58:39Z][2025-02-19T13:44:21Z][2025-02-23T11:24:59Z][2025-08-22T13:01:23Z]}
{"logTime": "0918/213314", "correlationVector":"PCH1Tgu/GEUx9GZ7Dj3kZO","action":"Initial GetUpdates", "result":"", "context":Reason: NEW_CLIENT. cV=PCH1Tgu/GEUx9GZ7Dj3kZO}
{"logTime": "0918/213314", "correlationVector":"PCH1Tgu/GEUx9GZ7Dj3kZO.3","action":"GetUpdates Response", "result":"Success", "context":Received 1 update(s). cV=PCH1Tgu/GEUx9GZ7Dj3kZO.0;server=akswtt01700001a;cloudType=Consumer;environment=Prod_southindia_prod-s01-004-apac-southindia;migrationStage=NotStarted}
{"logTime": "0918/213314", "correlationVector":"ZVOxH/1G0ebhHkdBdI+YGF","action":"Initial GetUpdates", "result":"", "context":Reason: NEWLY_SUPPORTED_DATATYPE. cV=ZVOxH/1G0ebhHkdBdI+YGF}
{"logTime": "0918/213321", "correlationVector":"ZVOxH/1G0ebhHkdBdI+YGF.1","action":"SyncServerConnectionManagerRequest", "result":"SYNC_SERVER_OK", "context":{"environment":"Prod_southindia_prod-s01-004-apac-southindia", "migrationStage":"NotStarted", "server":"akswtt01700005o"}}
{"logTime": "0918/213321", "correlationVector":"ZVOxH/1G0ebhHkdBdI+YGF.2","action":"ProcessGetUpdates", "result":"Done", "context":{"dataType":"Preferences", "deleted":"0", "process_failed_to_decrypt":"0", "process_pending_decryption":"0", "process_success":"142", "total":"142"}}
{"logTime": "0918/213321", "correlationVector":"ZVOxH/1G0ebhHkdBdI+YGF.3","action":"ProcessGetUpdates", "result":"Done", "context":{"dataType":"Passwords", "deleted":"6", "process_failed_to_decrypt":"0", "process_pending_decryption":"0", "process_success":"74", "total":"74"}}
{"logTime": "0918/213321", "correlationVector":"ZVOxH/1G0ebhHkdBdI+YGF.4","action":"ProcessGetUpdates", "result":"Done", "context":{"dataType":"Device Info", "deleted":"0", "process_failed_to_decrypt":"0", "process_pending_decryption":"0", "process_success":"34", "total":"34"}}
{"logTime": "0918/213321", "correlationVector":"ZVOxH/1G0ebhHkdBdI+YGF.5","action":"GetUpdates Response", "result":"Success", "context":Received 250 update(s). cV=ZVOxH/1G0ebhHkdBdI+YGF.0;server=akswtt01700005o;cloudType=Consumer;environment=Prod_southindia_prod-s01-004-apac-southindia;migrationStage=NotStarted Some updates remain.}
{"logTime": "0918/213321", "correlationVector":"muW0uA730PUC2gCqPheG+V","action":"Initial GetUpdates", "result":"", "context":Reason: NEWLY_SUPPORTED_DATATYPE. cV=muW0uA730PUC2gCqPheG+V}
{"logTime": "0918/213321", "correlationVector":"muW0uA730PUC2gCqPheG+V.1","action":"SyncServerConnectionManagerRequest", "result":"SYNC_SERVER_OK", "context":{"environment":"Prod_southindia_prod-s01-004-apac-southindia", "migrationStage":"NotStarted", "server":"akswtt01700006p"}}
{"logTime": "0918/213321", "correlationVector":"muW0uA730PUC2gCqPheG+V.2","action":"ProcessGetUpdates", "result":"Done", "context":{"dataType":"Preferences", "deleted":"0", "process_failed_to_decrypt":"0", "process_pending_decryption":"0", "process_success":"1", "total":"1"}}
{"logTime": "0918/213321", "correlationVector":"muW0uA730PUC2gCqPheG+V.3","action":"GetUpdates Response", "result":"Success", "context":Received 1 update(s). cV=muW0uA730PUC2gCqPheG+V.0;server=akswtt01700006p;cloudType=Consumer;environment=Prod_southindia_prod-s01-004-apac-southindia;migrationStage=NotStarted}
{"logTime": "0918/213322", "correlationVector":"HO8FdM0hqms0GWz+uxzfiB","action":"Initial GetUpdates", "result":"", "context":Reason: NEWLY_SUPPORTED_DATATYPE. cV=HO8FdM0hqms0GWz+uxzfiB}
{"logTime": "0918/213322", "correlationVector":"HO8FdM0hqms0GWz+uxzfiB.1","action":"SyncServerConnectionManagerRequest", "result":"SYNC_SERVER_OK", "context":{"environment":"Prod_southindia_prod-s01-004-apac-southindia", "migrationStage":"NotStarted", "server":"akswtt01700006o"}}
{"logTime": "0918/213322", "correlationVector":"HO8FdM0hqms0GWz+uxzfiB.2","action":"ProcessGetUpdates", "result":"Done", "context":{"dataType":"Bookmarks", "deleted":"2", "process_failed_to_decrypt":"0", "process_pending_decryption":"0", "process_success":"104", "total":"104"}}
{"logTime": "0918/213322", "correlationVector":"HO8FdM0hqms0GWz+uxzfiB.3","action":"GetUpdates Response", "result":"Success", "context":Received 104 update(s). cV=HO8FdM0hqms0GWz+uxzfiB.0;server=akswtt01700006o;cloudType=Consumer;environment=Prod_southindia_prod-s01-004-apac-southindia;migrationStage=NotStarted}
{"logTime": "0918/213322", "correlationVector":"t5FNYYuXbN7ssK2YL3xXD6","action":"Initial GetUpdates", "result":"", "context":Reason: NEWLY_SUPPORTED_DATATYPE. cV=t5FNYYuXbN7ssK2YL3xXD6}
{"logTime": "0918/213326", "correlationVector":"t5FNYYuXbN7ssK2YL3xXD6.1","action":"SyncServerConnectionManagerRequest", "result":"SYNC_SERVER_OK", "context":{"environment":"Prod_southindia_prod-s01-004-apac-southindia", "migrationStage":"NotStarted", "server":"akswtt01700006p"}}
{"logTime": "0918/213326", "correlationVector":"t5FNYYuXbN7ssK2YL3xXD6.2","action":"ProcessGetUpdates", "result":"Done", "context":{"dataType":"Autofill", "deleted":"0", "process_failed_to_decrypt":"0", "process_pending_decryption":"0", "process_success":"9", "total":"9"}}
{"logTime": "0918/213326", "correlationVector":"t5FNYYuXbN7ssK2YL3xXD6.3","action":"ProcessGetUpdates", "result":"Done", "context":{"dataType":"Extensions", "deleted":"0", "process_failed_to_decrypt":"0", "process_pending_decryption":"0", "process_success":"3", "total":"3"}}
{"logTime": "0918/213326", "correlationVector":"t5FNYYuXbN7ssK2YL3xXD6.4","action":"ProcessGetUpdates", "result":"Done", "context":{"dataType":"Sessions", "deleted":"154", "process_failed_to_decrypt":"0", "process_pending_decryption":"0", "process_success":"154", "total":"154"}}
{"logTime": "0918/213326", "correlationVector":"t5FNYYuXbN7ssK2YL3xXD6.5","action":"ProcessGetUpdates", "result":"Done", "context":{"dataType":"Extension settings", "deleted":"0", "process_failed_to_decrypt":"0", "process_pending_decryption":"0", "process_success":"22", "total":"22"}}
{"logTime": "0918/213326", "correlationVector":"t5FNYYuXbN7ssK2YL3xXD6.6","action":"ProcessGetUpdates", "result":"Done", "context":{"dataType":"Collection", "deleted":"0", "process_failed_to_decrypt":"0", "process_pending_decryption":"0", "process_success":"38", "total":"38"}}
{"logTime": "0918/213326", "correlationVector":"t5FNYYuXbN7ssK2YL3xXD6.7","action":"ProcessGetUpdates", "result":"Done", "context":{"dataType":"Edge Hub App Usage", "deleted":"15", "process_failed_to_decrypt":"0", "process_pending_decryption":"0", "process_success":"24", "total":"24"}}
{"logTime": "0918/213326", "correlationVector":"t5FNYYuXbN7ssK2YL3xXD6.8","action":"GetUpdates Response", "result":"Success", "context":Received 250 update(s). cV=t5FNYYuXbN7ssK2YL3xXD6.0;server=akswtt01700006p;cloudType=Consumer;environment=Prod_southindia_prod-s01-004-apac-southindia;migrationStage=NotStarted Some updates remain.}
{"logTime": "0918/213326", "correlationVector":"SimtWlqmhVSfAaItzEazk0","action":"Initial GetUpdates", "result":"", "context":Reason: NEWLY_SUPPORTED_DATATYPE. cV=SimtWlqmhVSfAaItzEazk0}
{"logTime": "0918/213329", "correlationVector":"SimtWlqmhVSfAaItzEazk0.1","action":"SyncServerConnectionManagerRequest", "result":"SYNC_SERVER_OK", "context":{"environment":"Prod_southindia_prod-s01-004-apac-southindia", "migrationStage":"NotStarted", "server":"akswtt017000066"}}
{"logTime": "0918/213329", "correlationVector":"SimtWlqmhVSfAaItzEazk0.2","action":"ProcessGetUpdates", "result":"Done", "context":{"dataType":"Sessions", "deleted":"238", "process_failed_to_decrypt":"0", "process_pending_decryption":"0", "process_success":"238", "total":"238"}}
{"logTime": "0918/213329", "correlationVector":"SimtWlqmhVSfAaItzEazk0.3","action":"ProcessGetUpdates", "result":"Done", "context":{"dataType":"Edge Hub App Usage", "deleted":"0", "process_failed_to_decrypt":"0", "process_pending_decryption":"0", "process_success":"12", "total":"12"}}
{"logTime": "0918/213329", "correlationVector":"SimtWlqmhVSfAaItzEazk0.4","action":"GetUpdates Response", "result":"Success", "context":Received 250 update(s). cV=SimtWlqmhVSfAaItzEazk0.0;server=akswtt017000066;cloudType=Consumer;environment=Prod_southindia_prod-s01-004-apac-southindia;migrationStage=NotStarted Some updates remain.}
{"logTime": "0918/213329", "correlationVector":"fgbfK/LTuCZYYnlufFhEAK","action":"Initial GetUpdates", "result":"", "context":Reason: NEWLY_SUPPORTED_DATATYPE. cV=fgbfK/LTuCZYYnlufFhEAK}
{"logTime": "0918/213331", "correlationVector":"fgbfK/LTuCZYYnlufFhEAK.1","action":"SyncServerConnectionManagerRequest", "result":"SYNC_SERVER_OK", "context":{"environment":"Prod_southindia_prod-s01-004-apac-southindia", "migrationStage":"NotStarted", "server":"akswtt017000053"}}
{"logTime": "0918/213331", "correlationVector":"fgbfK/LTuCZYYnlufFhEAK.2","action":"ProcessGetUpdates", "result":"Done", "context":{"dataType":"Sessions", "deleted":"241", "process_failed_to_decrypt":"0", "process_pending_decryption":"0", "process_success":"241", "total":"241"}}
{"logTime": "0918/213331", "correlationVector":"fgbfK/LTuCZYYnlufFhEAK.3","action":"ProcessGetUpdates", "result":"Done", "context":{"dataType":"Edge Hub App Usage", "deleted":"1", "process_failed_to_decrypt":"0", "process_pending_decryption":"0", "process_success":"9", "total":"9"}}
{"logTime": "0918/213331", "correlationVector":"fgbfK/LTuCZYYnlufFhEAK.4","action":"GetUpdates Response", "result":"Success", "context":Received 250 update(s). cV=fgbfK/LTuCZYYnlufFhEAK.0;server=akswtt017000053;cloudType=Consumer;environment=Prod_southindia_prod-s01-004-apac-southindia;migrationStage=NotStarted Some updates remain.}
{"logTime": "0918/213331", "correlationVector":"Wkb2fzWiGQaD7ptp+OUY27","action":"Initial GetUpdates", "result":"", "context":Reason: NEWLY_SUPPORTED_DATATYPE. cV=Wkb2fzWiGQaD7ptp+OUY27}
{"logTime": "0918/213334", "correlationVector":"Wkb2fzWiGQaD7ptp+OUY27.1","action":"SyncServerConnectionManagerRequest", "result":"SYNC_SERVER_OK", "context":{"environment":"Prod_southindia_prod-s01-004-apac-southindia", "migrationStage":"NotStarted", "server":"akswtt01700005o"}}
{"logTime": "0918/213334", "correlationVector":"Wkb2fzWiGQaD7ptp+OUY27.2","action":"ProcessGetUpdates", "result":"Done", "context":{"dataType":"Sessions", "deleted":"236", "process_failed_to_decrypt":"0", "process_pending_decryption":"0", "process_success":"236", "total":"236"}}
{"logTime": "0918/213334", "correlationVector":"Wkb2fzWiGQaD7ptp+OUY27.3","action":"ProcessGetUpdates", "result":"Done", "context":{"dataType":"Edge Hub App Usage", "deleted":"5", "process_failed_to_decrypt":"0", "process_pending_decryption":"0", "process_success":"14", "total":"14"}}
{"logTime": "0918/213334", "correlationVector":"Wkb2fzWiGQaD7ptp+OUY27.4","action":"GetUpdates Response", "result":"Success", "context":Received 250 update(s). cV=Wkb2fzWiGQaD7ptp+OUY27.0;server=akswtt01700005o;cloudType=Consumer;environment=Prod_southindia_prod-s01-004-apac-southindia;migrationStage=NotStarted Some updates remain.}
{"logTime": "0918/213334", "correlationVector":"zHz+muYMelJdPWTPKqugdA","action":"Initial GetUpdates", "result":"", "context":Reason: NEWLY_SUPPORTED_DATATYPE. cV=zHz+muYMelJdPWTPKqugdA}
{"logTime": "0918/213337", "correlationVector":"zHz+muYMelJdPWTPKqugdA.1","action":"SyncServerConnectionManagerRequest", "result":"SYNC_SERVER_OK", "context":{"environment":"Prod_southindia_prod-s01-004-apac-southindia", "migrationStage":"NotStarted", "server":"akswtt01700005o"}}
{"logTime": "0918/213337", "correlationVector":"zHz+muYMelJdPWTPKqugdA.2","action":"ProcessGetUpdates", "result":"Done", "context":{"dataType":"Sessions", "deleted":"235", "process_failed_to_decrypt":"0", "process_pending_decryption":"0", "process_success":"235", "total":"235"}}
{"logTime": "0918/213337", "correlationVector":"zHz+muYMelJdPWTPKqugdA.3","action":"ProcessGetUpdates", "result":"Done", "context":{"dataType":"Edge Hub App Usage", "deleted":"15", "process_failed_to_decrypt":"0", "process_pending_decryption":"0", "process_success":"15", "total":"15"}}
{"logTime": "0918/213337", "correlationVector":"zHz+muYMelJdPWTPKqugdA.4","action":"GetUpdates Response", "result":"Success", "context":Received 250 update(s). cV=zHz+muYMelJdPWTPKqugdA.0;server=akswtt01700005o;cloudType=Consumer;environment=Prod_southindia_prod-s01-004-apac-southindia;migrationStage=NotStarted Some updates remain.}
{"logTime": "0918/213337", "correlationVector":"nAJulQ5+VVXLUT9SaqiNmy","action":"Initial GetUpdates", "result":"", "context":Reason: NEWLY_SUPPORTED_DATATYPE. cV=nAJulQ5+VVXLUT9SaqiNmy}
{"logTime": "0918/213341", "correlationVector":"nAJulQ5+VVXLUT9SaqiNmy.1","action":"SyncServerConnectionManagerRequest", "result":"SYNC_SERVER_OK", "context":{"environment":"Prod_southindia_prod-s01-004-apac-southindia", "migrationStage":"NotStarted", "server":"akswtt01700006j"}}
{"logTime": "0918/213341", "correlationVector":"nAJulQ5+VVXLUT9SaqiNmy.2","action":"ProcessGetUpdates", "result":"Done", "context":{"dataType":"Sessions", "deleted":"231", "process_failed_to_decrypt":"0", "process_pending_decryption":"0", "process_success":"231", "total":"231"}}
{"logTime": "0918/213341", "correlationVector":"nAJulQ5+VVXLUT9SaqiNmy.3","action":"ProcessGetUpdates", "result":"Done", "context":{"dataType":"Edge Hub App Usage", "deleted":"14", "process_failed_to_decrypt":"0", "process_pending_decryption":"0", "process_success":"19", "total":"19"}}
{"logTime": "0918/213341", "correlationVector":"nAJulQ5+VVXLUT9SaqiNmy.4","action":"GetUpdates Response", "result":"Success", "context":Received 250 update(s). cV=nAJulQ5+VVXLUT9SaqiNmy.0;server=akswtt01700006j;cloudType=Consumer;environment=Prod_southindia_prod-s01-004-apac-southindia;migrationStage=NotStarted Some updates remain.}
{"logTime": "0918/213341", "correlationVector":"mA4AWxFWm8OF8uZqKtmK/8","action":"Initial GetUpdates", "result":"", "context":Reason: NEWLY_SUPPORTED_DATATYPE. cV=mA4AWxFWm8OF8uZqKtmK/8}
{"logTime": "0918/213344", "correlationVector":"mA4AWxFWm8OF8uZqKtmK/8.1","action":"SyncServerConnectionManagerRequest", "result":"SYNC_SERVER_OK", "context":{"environment":"Prod_southindia_prod-s01-004-apac-southindia", "migrationStage":"NotStarted", "server":"akswtt01700000b"}}
{"logTime": "0918/213344", "correlationVector":"mA4AWxFWm8OF8uZqKtmK/8.2","action":"ProcessGetUpdates", "result":"Done", "context":{"dataType":"Sessions", "deleted":"221", "process_failed_to_decrypt":"0", "process_pending_decryption":"0", "process_success":"221", "total":"221"}}
{"logTime": "0918/213344", "correlationVector":"mA4AWxFWm8OF8uZqKtmK/8.3","action":"ProcessGetUpdates", "result":"Done", "context":{"dataType":"Saved Tab Group", "deleted":"1", "process_failed_to_decrypt":"0", "process_pending_decryption":"0", "process_success":"1", "total":"1"}}
{"logTime": "0918/213344", "correlationVector":"mA4AWxFWm8OF8uZqKtmK/8.4","action":"ProcessGetUpdates", "result":"Done", "context":{"dataType":"Edge Hub App Usage", "deleted":"17", "process_failed_to_decrypt":"0", "process_pending_decryption":"0", "process_success":"28", "total":"28"}}
{"logTime": "0918/213344", "correlationVector":"mA4AWxFWm8OF8uZqKtmK/8.5","action":"GetUpdates Response", "result":"Success", "context":Received 250 update(s). cV=mA4AWxFWm8OF8uZqKtmK/8.0;server=akswtt01700000b;cloudType=Consumer;environment=Prod_southindia_prod-s01-004-apac-southindia;migrationStage=NotStarted Some updates remain.}
{"logTime": "0918/213344", "correlationVector":"HEnuOjT49/iJect0wvohXv","action":"Initial GetUpdates", "result":"", "context":Reason: NEWLY_SUPPORTED_DATATYPE. cV=HEnuOjT49/iJect0wvohXv}
{"logTime": "0918/213347", "correlationVector":"HEnuOjT49/iJect0wvohXv.1","action":"SyncServerConnectionManagerRequest", "result":"SYNC_SERVER_OK", "context":{"environment":"Prod_southindia_prod-s01-004-apac-southindia", "migrationStage":"NotStarted", "server":"akswtt01700006j"}}
{"logTime": "0918/213347", "correlationVector":"HEnuOjT49/iJect0wvohXv.2","action":"ProcessGetUpdates", "result":"Done", "context":{"dataType":"Sessions", "deleted":"243", "process_failed_to_decrypt":"0", "process_pending_decryption":"0", "process_success":"243", "total":"243"}}
{"logTime": "0918/213347", "correlationVector":"HEnuOjT49/iJect0wvohXv.3","action":"ProcessGetUpdates", "result":"Done", "context":{"dataType":"Edge Hub App Usage", "deleted":"6", "process_failed_to_decrypt":"0", "process_pending_decryption":"0", "process_success":"7", "total":"7"}}
{"logTime": "0918/213347", "correlationVector":"HEnuOjT49/iJect0wvohXv.4","action":"GetUpdates Response", "result":"Success", "context":Received 250 update(s). cV=HEnuOjT49/iJect0wvohXv.0;server=akswtt01700006j;cloudType=Consumer;environment=Prod_southindia_prod-s01-004-apac-southindia;migrationStage=NotStarted Some updates remain.}
{"logTime": "0918/213347", "correlationVector":"yN5UjcNcn+N0cGLjsjAQzB","action":"Initial GetUpdates", "result":"", "context":Reason: NEWLY_SUPPORTED_DATATYPE. cV=yN5UjcNcn+N0cGLjsjAQzB}
{"logTime": "0918/213350", "correlationVector":"yN5UjcNcn+N0cGLjsjAQzB.1","action":"SyncServerConnectionManagerRequest", "result":"SYNC_SERVER_OK", "context":{"environment":"Prod_southindia_prod-s01-004-apac-southindia", "migrationStage":"NotStarted", "server":"akswtt017000066"}}
{"logTime": "0918/213350", "correlationVector":"yN5UjcNcn+N0cGLjsjAQzB.2","action":"ProcessGetUpdates", "result":"Done", "context":{"dataType":"Sessions", "deleted":"238", "process_failed_to_decrypt":"0", "process_pending_decryption":"0", "process_success":"238", "total":"238"}}
{"logTime": "0918/213350", "correlationVector":"yN5UjcNcn+N0cGLjsjAQzB.3","action":"ProcessGetUpdates", "result":"Done", "context":{"dataType":"Edge Hub App Usage", "deleted":"8", "process_failed_to_decrypt":"0", "process_pending_decryption":"0", "process_success":"12", "total":"12"}}
{"logTime": "0918/213350", "correlationVector":"yN5UjcNcn+N0cGLjsjAQzB.4","action":"GetUpdates Response", "result":"Success", "context":Received 250 update(s). cV=yN5UjcNcn+N0cGLjsjAQzB.0;server=akswtt017000066;cloudType=Consumer;environment=Prod_southindia_prod-s01-004-apac-southindia;migrationStage=NotStarted Some updates remain.}
{"logTime": "0918/213350", "correlationVector":"DLXbeNLVGAcK5uj9eYjnED","action":"Initial GetUpdates", "result":"", "context":Reason: NEWLY_SUPPORTED_DATATYPE. cV=DLXbeNLVGAcK5uj9eYjnED}
{"logTime": "0918/213353", "correlationVector":"DLXbeNLVGAcK5uj9eYjnED.1","action":"SyncServerConnectionManagerRequest", "result":"SYNC_SERVER_OK", "context":{"environment":"Prod_southindia_prod-s01-004-apac-southindia", "migrationStage":"NotStarted", "server":"akswtt01700006j"}}
{"logTime": "0918/213353", "correlationVector":"DLXbeNLVGAcK5uj9eYjnED.2","action":"ProcessGetUpdates", "result":"Done", "context":{"dataType":"Sessions", "deleted":"243", "process_failed_to_decrypt":"0", "process_pending_decryption":"0", "process_success":"243", "total":"243"}}
{"logTime": "0918/213353", "correlationVector":"DLXbeNLVGAcK5uj9eYjnED.3","action":"ProcessGetUpdates", "result":"Done", "context":{"dataType":"Edge Hub App Usage", "deleted":"4", "process_failed_to_decrypt":"0", "process_pending_decryption":"0", "process_success":"7", "total":"7"}}
{"logTime": "0918/213353", "correlationVector":"DLXbeNLVGAcK5uj9eYjnED.4","action":"GetUpdates Response", "result":"Success", "context":Received 250 update(s). cV=DLXbeNLVGAcK5uj9eYjnED.0;server=akswtt01700006j;cloudType=Consumer;environment=Prod_southindia_prod-s01-004-apac-southindia;migrationStage=NotStarted Some updates remain.}
{"logTime": "0918/213353", "correlationVector":"3qVeJ6w9UhzolaIvZX0Z/w","action":"Initial GetUpdates", "result":"", "context":Reason: NEWLY_SUPPORTED_DATATYPE. cV=3qVeJ6w9UhzolaIvZX0Z/w}
{"logTime": "0918/213357", "correlationVector":"3qVeJ6w9UhzolaIvZX0Z/w.1","action":"SyncServerConnectionManagerRequest", "result":"SYNC_SERVER_OK", "context":{"environment":"Prod_southindia_prod-s01-004-apac-southindia", "migrationStage":"NotStarted", "server":"akswtt01700006g"}}
{"logTime": "0918/213357", "correlationVector":"3qVeJ6w9UhzolaIvZX0Z/w.2","action":"ProcessGetUpdates", "result":"Done", "context":{"dataType":"Extensions", "deleted":"2", "process_failed_to_decrypt":"0", "process_pending_decryption":"0", "process_success":"3", "total":"3"}}
{"logTime": "0918/213357", "correlationVector":"3qVeJ6w9UhzolaIvZX0Z/w.3","action":"ProcessGetUpdates", "result":"Done", "context":{"dataType":"Sessions", "deleted":"236", "process_failed_to_decrypt":"0", "process_pending_decryption":"0", "process_success":"236", "total":"236"}}
{"logTime": "0918/213357", "correlationVector":"3qVeJ6w9UhzolaIvZX0Z/w.4","action":"ProcessGetUpdates", "result":"Done", "context":{"dataType":"Edge Hub App Usage", "deleted":"9", "process_failed_to_decrypt":"0", "process_pending_decryption":"0", "process_success":"11", "total":"11"}}
{"logTime": "0918/213357", "correlationVector":"3qVeJ6w9UhzolaIvZX0Z/w.5","action":"GetUpdates Response", "result":"Success", "context":Received 250 update(s). cV=3qVeJ6w9UhzolaIvZX0Z/w.0;server=akswtt01700006g;cloudType=Consumer;environment=Prod_southindia_prod-s01-004-apac-southindia;migrationStage=NotStarted Some updates remain.}
{"logTime": "0918/213357", "correlationVector":"5joXbB1T6tQrT/9AIm9upr","action":"Initial GetUpdates", "result":"", "context":Reason: NEWLY_SUPPORTED_DATATYPE. cV=5joXbB1T6tQrT/9AIm9upr}
{"logTime": "0918/213359", "correlationVector":"5joXbB1T6tQrT/9AIm9upr.1","action":"SyncServerConnectionManagerRequest", "result":"SYNC_SERVER_OK", "context":{"environment":"Prod_southindia_prod-s01-004-apac-southindia", "migrationStage":"NotStarted", "server":"akswtt01700006p"}}
{"logTime": "0918/213359", "correlationVector":"5joXbB1T6tQrT/9AIm9upr.2","action":"ProcessGetUpdates", "result":"Done", "context":{"dataType":"Sessions", "deleted":"250", "process_failed_to_decrypt":"0", "process_pending_decryption":"0", "process_success":"250", "total":"250"}}
{"logTime": "0918/213359", "correlationVector":"5joXbB1T6tQrT/9AIm9upr.3","action":"GetUpdates Response", "result":"Success", "context":Received 250 update(s). cV=5joXbB1T6tQrT/9AIm9upr.0;server=akswtt01700006p;cloudType=Consumer;environment=Prod_southindia_prod-s01-004-apac-southindia;migrationStage=NotStarted Some updates remain.}
{"logTime": "0918/213359", "correlationVector":"0IBxCNhNO+vrl4PSD6XNb+","action":"Initial GetUpdates", "result":"", "context":Reason: NEWLY_SUPPORTED_DATATYPE. cV=0IBxCNhNO+vrl4PSD6XNb+}
{"logTime": "0918/213402", "correlationVector":"0IBxCNhNO+vrl4PSD6XNb+.1","action":"SyncServerConnectionManagerRequest", "result":"SYNC_SERVER_OK", "context":{"environment":"Prod_southindia_prod-s01-004-apac-southindia", "migrationStage":"NotStarted", "server":"akswtt01700005o"}}
{"logTime": "0918/213402", "correlationVector":"0IBxCNhNO+vrl4PSD6XNb+.2","action":"ProcessGetUpdates", "result":"Done", "context":{"dataType":"Sessions", "deleted":"242", "process_failed_to_decrypt":"0", "process_pending_decryption":"0", "process_success":"242", "total":"242"}}
{"logTime": "0918/213402", "correlationVector":"0IBxCNhNO+vrl4PSD6XNb+.3","action":"ProcessGetUpdates", "result":"Done", "context":{"dataType":"Edge Hub App Usage", "deleted":"8", "process_failed_to_decrypt":"0", "process_pending_decryption":"0", "process_success":"8", "total":"8"}}
{"logTime": "0918/213402", "correlationVector":"0IBxCNhNO+vrl4PSD6XNb+.4","action":"GetUpdates Response", "result":"Success", "context":Received 250 update(s). cV=0IBxCNhNO+vrl4PSD6XNb+.0;server=akswtt01700005o;cloudType=Consumer;environment=Prod_southindia_prod-s01-004-apac-southindia;migrationStage=NotStarted Some updates remain.}
{"logTime": "0918/213402", "correlationVector":"x/BDLcPwkQhBHQtzgZvxPp","action":"Initial GetUpdates", "result":"", "context":Reason: NEWLY_SUPPORTED_DATATYPE. cV=x/BDLcPwkQhBHQtzgZvxPp}
{"logTime": "0918/213404", "correlationVector":"x/BDLcPwkQhBHQtzgZvxPp.1","action":"SyncServerConnectionManagerRequest", "result":"SYNC_SERVER_OK", "context":{"environment":"Prod_southindia_prod-s01-004-apac-southindia", "migrationStage":"NotStarted", "server":"akswtt01700000b"}}
{"logTime": "0918/213404", "correlationVector":"x/BDLcPwkQhBHQtzgZvxPp.2","action":"ProcessGetUpdates", "result":"Done", "context":{"dataType":"Sessions", "deleted":"243", "process_failed_to_decrypt":"0", "process_pending_decryption":"0", "process_success":"243", "total":"243"}}
{"logTime": "0918/213404", "correlationVector":"x/BDLcPwkQhBHQtzgZvxPp.3","action":"ProcessGetUpdates", "result":"Done", "context":{"dataType":"Saved Tab Group", "deleted":"2", "process_failed_to_decrypt":"0", "process_pending_decryption":"0", "process_success":"2", "total":"2"}}
{"logTime": "0918/213404", "correlationVector":"x/BDLcPwkQhBHQtzgZvxPp.4","action":"ProcessGetUpdates", "result":"Done", "context":{"dataType":"Edge Hub App Usage", "deleted":"0", "process_failed_to_decrypt":"0", "process_pending_decryption":"0", "process_success":"5", "total":"5"}}
{"logTime": "0918/213404", "correlationVector":"x/BDLcPwkQhBHQtzgZvxPp.5","action":"GetUpdates Response", "result":"Success", "context":Received 250 update(s). cV=x/BDLcPwkQhBHQtzgZvxPp.0;server=akswtt01700000b;cloudType=Consumer;environment=Prod_southindia_prod-s01-004-apac-southindia;migrationStage=NotStarted Some updates remain.}
{"logTime": "0918/213404", "correlationVector":"3JMte3clWVDuBB24SzKcfS","action":"Initial GetUpdates", "result":"", "context":Reason: NEWLY_SUPPORTED_DATATYPE. cV=3JMte3clWVDuBB24SzKcfS}
{"logTime": "0918/213406", "correlationVector":"3JMte3clWVDuBB24SzKcfS.1","action":"SyncServerConnectionManagerRequest", "result":"SYNC_SERVER_OK", "context":{"environment":"Prod_southindia_prod-s01-004-apac-southindia", "migrationStage":"NotStarted", "server":"akswtt017000066"}}
{"logTime": "0918/213406", "correlationVector":"3JMte3clWVDuBB24SzKcfS.2","action":"ProcessGetUpdates", "result":"Done", "context":{"dataType":"Sessions", "deleted":"247", "process_failed_to_decrypt":"0", "process_pending_decryption":"0", "process_success":"247", "total":"247"}}
{"logTime": "0918/213406", "correlationVector":"3JMte3clWVDuBB24SzKcfS.3","action":"ProcessGetUpdates", "result":"Done", "context":{"dataType":"Edge Hub App Usage", "deleted":"0", "process_failed_to_decrypt":"0", "process_pending_decryption":"0", "process_success":"3", "total":"3"}}
{"logTime": "0918/213406", "correlationVector":"3JMte3clWVDuBB24SzKcfS.4","action":"GetUpdates Response", "result":"Success", "context":Received 250 update(s). cV=3JMte3clWVDuBB24SzKcfS.0;server=akswtt017000066;cloudType=Consumer;environment=Prod_southindia_prod-s01-004-apac-southindia;migrationStage=NotStarted Some updates remain.}
{"logTime": "0918/213406", "correlationVector":"XlJbP6fIw52KxP1Wrei+df","action":"Initial GetUpdates", "result":"", "context":Reason: NEWLY_SUPPORTED_DATATYPE. cV=XlJbP6fIw52KxP1Wrei+df}
{"logTime": "0918/213407", "correlationVector":"XlJbP6fIw52KxP1Wrei+df.1","action":"SyncServerConnectionManagerRequest", "result":"SYNC_SERVER_OK", "context":{"environment":"Prod_southindia_prod-s01-004-apac-southindia", "migrationStage":"NotStarted", "server":"akswtt01700006j"}}
{"logTime": "0918/213407", "correlationVector":"XlJbP6fIw52KxP1Wrei+df.2","action":"ProcessGetUpdates", "result":"Done", "context":{"dataType":"Sessions", "deleted":"238", "process_failed_to_decrypt":"0", "process_pending_decryption":"0", "process_success":"238", "total":"238"}}
{"logTime": "0918/213407", "correlationVector":"XlJbP6fIw52KxP1Wrei+df.3","action":"ProcessGetUpdates", "result":"Done", "context":{"dataType":"Edge Hub App Usage", "deleted":"7", "process_failed_to_decrypt":"0", "process_pending_decryption":"0", "process_success":"12", "total":"12"}}
{"logTime": "0918/213407", "correlationVector":"XlJbP6fIw52KxP1Wrei+df.4","action":"GetUpdates Response", "result":"Success", "context":Received 250 update(s). cV=XlJbP6fIw52KxP1Wrei+df.0;server=akswtt01700006j;cloudType=Consumer;environment=Prod_southindia_prod-s01-004-apac-southindia;migrationStage=NotStarted Some updates remain.}
{"logTime": "0918/213407", "correlationVector":"isXFFyoL7akfSoQmVGdQ0e","action":"Initial GetUpdates", "result":"", "context":Reason: NEWLY_SUPPORTED_DATATYPE. cV=isXFFyoL7akfSoQmVGdQ0e}
{"logTime": "0918/213409", "correlationVector":"isXFFyoL7akfSoQmVGdQ0e.1","action":"SyncServerConnectionManagerRequest", "result":"SYNC_SERVER_OK", "context":{"environment":"Prod_southindia_prod-s01-004-apac-southindia", "migrationStage":"NotStarted", "server":"akswtt017000053"}}
{"logTime": "0918/213409", "correlationVector":"isXFFyoL7akfSoQmVGdQ0e.2","action":"ProcessGetUpdates", "result":"Done", "context":{"dataType":"Extensions", "deleted":"0", "process_failed_to_decrypt":"0", "process_pending_decryption":"0", "process_success":"1", "total":"1"}}
{"logTime": "0918/213409", "correlationVector":"isXFFyoL7akfSoQmVGdQ0e.3","action":"ProcessGetUpdates", "result":"Done", "context":{"dataType":"Sessions", "deleted":"244", "process_failed_to_decrypt":"0", "process_pending_decryption":"0", "process_success":"244", "total":"244"}}
{"logTime": "0918/213409", "correlationVector":"isXFFyoL7akfSoQmVGdQ0e.4","action":"ProcessGetUpdates", "result":"Done", "context":{"dataType":"Edge Hub App Usage", "deleted":"0", "process_failed_to_decrypt":"0", "process_pending_decryption":"0", "process_success":"5", "total":"5"}}
{"logTime": "0918/213409", "correlationVector":"isXFFyoL7akfSoQmVGdQ0e.5","action":"GetUpdates Response", "result":"Success", "context":Received 250 update(s). cV=isXFFyoL7akfSoQmVGdQ0e.0;server=akswtt017000053;cloudType=Consumer;environment=Prod_southindia_prod-s01-004-apac-southindia;migrationStage=NotStarted Some updates remain.}
{"logTime": "0918/213409", "correlationVector":"rQpoeaFnioDc2Z94dMZvlH","action":"Initial GetUpdates", "result":"", "context":Reason: NEWLY_SUPPORTED_DATATYPE. cV=rQpoeaFnioDc2Z94dMZvlH}
{"logTime": "0918/213411", "correlationVector":"rQpoeaFnioDc2Z94dMZvlH.1","action":"SyncServerConnectionManagerRequest", "result":"SYNC_SERVER_OK", "context":{"environment":"Prod_southindia_prod-s01-004-apac-southindia", "migrationStage":"NotStarted", "server":"akswtt01700000b"}}
{"logTime": "0918/213411", "correlationVector":"rQpoeaFnioDc2Z94dMZvlH.2","action":"ProcessGetUpdates", "result":"Done", "context":{"dataType":"Autofill Profiles", "deleted":"0", "process_failed_to_decrypt":"0", "process_pending_decryption":"0", "process_success":"3", "total":"3"}}
{"logTime": "0918/213411", "correlationVector":"rQpoeaFnioDc2Z94dMZvlH.3","action":"ProcessGetUpdates", "result":"Done", "context":{"dataType":"Autofill", "deleted":"0", "process_failed_to_decrypt":"0", "process_pending_decryption":"0", "process_success":"19", "total":"19"}}
{"logTime": "0918/213411", "correlationVector":"rQpoeaFnioDc2Z94dMZvlH.4","action":"ProcessGetUpdates", "result":"Done", "context":{"dataType":"Sessions", "deleted":"228", "process_failed_to_decrypt":"0", "process_pending_decryption":"0", "process_success":"228", "total":"228"}}
{"logTime": "0918/213411", "correlationVector":"rQpoeaFnioDc2Z94dMZvlH.5","action":"GetUpdates Response", "result":"Success", "context":Received 250 update(s). cV=rQpoeaFnioDc2Z94dMZvlH.0;server=akswtt01700000b;cloudType=Consumer;environment=Prod_southindia_prod-s01-004-apac-southindia;migrationStage=NotStarted Some updates remain.}
{"logTime": "0918/213411", "correlationVector":"JXU70Z0kIcuveLXzZhfPGN","action":"Initial GetUpdates", "result":"", "context":Reason: NEWLY_SUPPORTED_DATATYPE. cV=JXU70Z0kIcuveLXzZhfPGN}
{"logTime": "0918/213414", "correlationVector":"JXU70Z0kIcuveLXzZhfPGN.1","action":"SyncServerConnectionManagerRequest", "result":"SYNC_SERVER_OK", "context":{"environment":"Prod_southindia_prod-s01-004-apac-southindia", "migrationStage":"NotStarted", "server":"akswtt01700000b"}}
{"logTime": "0918/213414", "correlationVector":"JXU70Z0kIcuveLXzZhfPGN.2","action":"ProcessGetUpdates", "result":"Done", "context":{"dataType":"Sessions", "deleted":"242", "process_failed_to_decrypt":"0", "process_pending_decryption":"0", "process_success":"242", "total":"242"}}
{"logTime": "0918/213414", "correlationVector":"JXU70Z0kIcuveLXzZhfPGN.3","action":"ProcessGetUpdates", "result":"Done", "context":{"dataType":"Edge Hub App Usage", "deleted":"4", "process_failed_to_decrypt":"0", "process_pending_decryption":"0", "process_success":"8", "total":"8"}}
{"logTime": "0918/213414", "correlationVector":"JXU70Z0kIcuveLXzZhfPGN.4","action":"GetUpdates Response", "result":"Success", "context":Received 250 update(s). cV=JXU70Z0kIcuveLXzZhfPGN.0;server=akswtt01700000b;cloudType=Consumer;environment=Prod_southindia_prod-s01-004-apac-southindia;migrationStage=NotStarted Some updates remain.}
{"logTime": "0918/213414", "correlationVector":"YSTzghkhWUiOjqfd0GCQOO","action":"Initial GetUpdates", "result":"", "context":Reason: NEWLY_SUPPORTED_DATATYPE. cV=YSTzghkhWUiOjqfd0GCQOO}
